C:\Users\vinaysharma04\OneDrive - Nagarro\Desktop\PersonalProjects\Baithak - Realtime ChatApp\Baithak - RealtimeChatApp\Baithak - RealtimeChatApp\Baithak-ClientSide\dist\out-tsc\app\services\chat.service.js
C:\Users\vinaysharma04\OneDrive - Nagarro\Desktop\PersonalProjects\Baithak - Realtime ChatApp\Baithak - RealtimeChatApp\Baithak - RealtimeChatApp\Baithak-ClientSide\dist\out-tsc\app\services\chat.service.js.map
C:\Users\vinaysharma04\OneDrive - Nagarro\Desktop\PersonalProjects\Baithak - Realtime ChatApp\Baithak - RealtimeChatApp\Baithak - RealtimeChatApp\Baithak-ClientSide\dist\out-tsc\app\components\join-room\join-room.component.js
C:\Users\vinaysharma04\OneDrive - Nagarro\Desktop\PersonalProjects\Baithak - Realtime ChatApp\Baithak - RealtimeChatApp\Baithak - RealtimeChatApp\Baithak-ClientSide\dist\out-tsc\app\components\join-room\join-room.component.js.map
C:\Users\vinaysharma04\OneDrive - Nagarro\Desktop\PersonalProjects\Baithak - Realtime ChatApp\Baithak - RealtimeChatApp\Baithak - RealtimeChatApp\Baithak-ClientSide\dist\out-tsc\app\components\chat\chat.component.js
C:\Users\vinaysharma04\OneDrive - Nagarro\Desktop\PersonalProjects\Baithak - Realtime ChatApp\Baithak - RealtimeChatApp\Baithak - RealtimeChatApp\Baithak-ClientSide\dist\out-tsc\app\components\chat\chat.component.js.map
C:\Users\vinaysharma04\OneDrive - Nagarro\Desktop\PersonalProjects\Baithak - Realtime ChatApp\Baithak - RealtimeChatApp\Baithak - RealtimeChatApp\Baithak-ClientSide\dist\out-tsc\app\components\welcome\welcome.component.js
C:\Users\vinaysharma04\OneDrive - Nagarro\Desktop\PersonalProjects\Baithak - Realtime ChatApp\Baithak - RealtimeChatApp\Baithak - RealtimeChatApp\Baithak-ClientSide\dist\out-tsc\app\components\welcome\welcome.component.js.map
C:\Users\vinaysharma04\OneDrive - Nagarro\Desktop\PersonalProjects\Baithak - Realtime ChatApp\Baithak - RealtimeChatApp\Baithak - RealtimeChatApp\Baithak-ClientSide\dist\out-tsc\app\app-routing.module.js
C:\Users\vinaysharma04\OneDrive - Nagarro\Desktop\PersonalProjects\Baithak - Realtime ChatApp\Baithak - RealtimeChatApp\Baithak - RealtimeChatApp\Baithak-ClientSide\dist\out-tsc\app\app-routing.module.js.map
C:\Users\vinaysharma04\OneDrive - Nagarro\Desktop\PersonalProjects\Baithak - Realtime ChatApp\Baithak - RealtimeChatApp\Baithak - RealtimeChatApp\Baithak-ClientSide\dist\out-tsc\app\app.component.js
C:\Users\vinaysharma04\OneDrive - Nagarro\Desktop\PersonalProjects\Baithak - Realtime ChatApp\Baithak - RealtimeChatApp\Baithak - RealtimeChatApp\Baithak-ClientSide\dist\out-tsc\app\app.component.js.map
C:\Users\vinaysharma04\OneDrive - Nagarro\Desktop\PersonalProjects\Baithak - Realtime ChatApp\Baithak - RealtimeChatApp\Baithak - RealtimeChatApp\Baithak-ClientSide\dist\out-tsc\app\app.module.js
C:\Users\vinaysharma04\OneDrive - Nagarro\Desktop\PersonalProjects\Baithak - Realtime ChatApp\Baithak - RealtimeChatApp\Baithak - RealtimeChatApp\Baithak-ClientSide\dist\out-tsc\app\app.module.js.map
C:\Users\vinaysharma04\OneDrive - Nagarro\Desktop\PersonalProjects\Baithak - Realtime ChatApp\Baithak - RealtimeChatApp\Baithak - RealtimeChatApp\Baithak-ClientSide\dist\out-tsc\main.js
C:\Users\vinaysharma04\OneDrive - Nagarro\Desktop\PersonalProjects\Baithak - Realtime ChatApp\Baithak - RealtimeChatApp\Baithak - RealtimeChatApp\Baithak-ClientSide\dist\out-tsc\main.js.map
C:\Users\vinaysharma04\OneDrive - Nagarro\Desktop\PersonalProjects\Baithak - Realtime ChatApp\Baithak - RealtimeChatApp\Baithak - RealtimeChatApp\Baithak-ClientSide\dist\out-tsc\app\app.component.spec.js
C:\Users\vinaysharma04\OneDrive - Nagarro\Desktop\PersonalProjects\Baithak - Realtime ChatApp\Baithak - RealtimeChatApp\Baithak - RealtimeChatApp\Baithak-ClientSide\dist\out-tsc\app\app.component.spec.js.map
C:\Users\vinaysharma04\OneDrive - Nagarro\Desktop\PersonalProjects\Baithak - Realtime ChatApp\Baithak - RealtimeChatApp\Baithak - RealtimeChatApp\Baithak-ClientSide\dist\out-tsc\app\components\chat\chat.component.spec.js
C:\Users\vinaysharma04\OneDrive - Nagarro\Desktop\PersonalProjects\Baithak - Realtime ChatApp\Baithak - RealtimeChatApp\Baithak - RealtimeChatApp\Baithak-ClientSide\dist\out-tsc\app\components\chat\chat.component.spec.js.map
C:\Users\vinaysharma04\OneDrive - Nagarro\Desktop\PersonalProjects\Baithak - Realtime ChatApp\Baithak - RealtimeChatApp\Baithak - RealtimeChatApp\Baithak-ClientSide\dist\out-tsc\app\components\join-room\join-room.component.spec.js
C:\Users\vinaysharma04\OneDrive - Nagarro\Desktop\PersonalProjects\Baithak - Realtime ChatApp\Baithak - RealtimeChatApp\Baithak - RealtimeChatApp\Baithak-ClientSide\dist\out-tsc\app\components\join-room\join-room.component.spec.js.map
C:\Users\vinaysharma04\OneDrive - Nagarro\Desktop\PersonalProjects\Baithak - Realtime ChatApp\Baithak - RealtimeChatApp\Baithak - RealtimeChatApp\Baithak-ClientSide\dist\out-tsc\app\components\welcome\welcome.component.spec.js
C:\Users\vinaysharma04\OneDrive - Nagarro\Desktop\PersonalProjects\Baithak - Realtime ChatApp\Baithak - RealtimeChatApp\Baithak - RealtimeChatApp\Baithak-ClientSide\dist\out-tsc\app\components\welcome\welcome.component.spec.js.map
